500
384
1
did-die 11
341
1
dea-deb 3
7
1
ejj-h 8
499
1
dga-ejj 1
391
1
dja-djb 5
89
1
ejj-ij 5
179
1
ejj-bhj 1
315
1
dbe-dbf 4
19
1
ejj-bj 3
176
1
bhf-bhg 7
453
1
efc-efd 4
202
1
cab-cac 7
108
1
bah-bai 9
109
1
ejj-baj 1
203
1
ejj-cad 3
213
1
cbc-cbd 5
481
1
ejj-eib 1
482
1
eib-eic 7
466
1
egf-egg 4
36
1
df-dg 11
287
1
cig-cih 2
194
1
bjd-bje 14
37
1
dg-dh 3
65
1
ge-gf 11
59
1
ejj-fj 4
57
1
fg-fh 1
228
1
cch-cci 11
438
1
edh-edi 9
80
1
hj-ia 4
60
1
fj-ga 8
342
1
deb-dec 7
316
1
dbf-dbg 8
173
1
bhc-bhd 11
174
1
bhd-bhe 9
0
1
eji-a 7
494
1
ejd-eje 12
495
1
ejj-ejf 2
275
1
che-chf 5
229
1
ejj-ccj 7
419
1
ejj-ebj 3
420
1
ebj-eca 12
329
1
dci-dcj 5
369
1
dgi-dgj 11
303
1
ejj-dad 3
23
1
cc-cd 3
54
1
fd-fe 5
307
1
ejj-dah 1
45
1
ejj-ef 1
389
1
ejj-dij 1
390
1
dij-dja 14
106
1
baf-bag 9
63
1
gc-gd 3
64
1
gd-ge 10
51
1
fa-fb 11
52
1
fb-fc 10
308
1
dah-dai 12
309
1
ejj-daj 2
55
1
ejj-ff 1
244
1
ced-cee 12
480
1
ehj-eia 8
496
1
ejf-ejg 12
282
1
cib-cic 20
357
1
ejj-dfh 4
358
1
dfh-dfi 9
127
1
ejj-bch 1
128
1
bch-bci 4
172
1
bhb-bhc 11
454
1
efd-efe 9
379
1
ejj-dhj 1
380
1
dhj-dia 9
219
1
cbi-cbj 5
177
1
bhg-bhh 1
163
1
bgc-bgd 5
241
1
cea-ceb 10
242
1
ceb-cec 11
415
1
ejj-ebf 3
416
1
ebf-ebg 14
175
1
ejj-bhf 3
239
1
ejj-cdj 10
292
1
cjb-cjc 8
370
1
dgj-dha 13
493
1
ejc-ejd 7
256
1
cff-cfg 7
257
1
ejj-cfh 2
8
1
h-i 11
149
1
ejj-bej 4
166
1
bgf-bgg 6
285
1
cie-cif 4
25
1
ejj-cf 3
21
1
ejj-cb 4
151
1
bfa-bfb 7
152
1
bfb-bfc 7
15
1
be-bf 8
191
1
ejj-bjb 1
49
1
ei-ej 2
270
1
cgj-cha 4
448
1
eeh-eei 5
449
1
eei-eej 3
29
1
ci-cj 6
361
1
dga-dgb 9
156
1
bff-bfg 9
157
1
bfg-bfh 3
121
1
bca-bcb 1
322
1
dcb-dcc 10
323
1
dcc-dcd 11
407
1
ejj-eah 2
408
1
eah-eai 8
58
1
fh-fi 7
459
1
efi-efj 7
460
1
efj-ega 10
388
1
dih-dii 13
113
1
bbc-bbd 5
66
1
gf-gg 10
395
1
dje-djf 12
336
1
ddf-ddg 9
337
1
ddg-ddh 8
159
1
bfi-bfj 3
434
1
edd-ede 12
402
1
eab-eac 8
209
1
cai-caj 3
210
1
caj-cba 5
1
1
ejj-b 2
2
1
b-c 5
3
1
c-d 5
97
1
jg-jh 7
6
1
f-g 7
77
1
hg-hh 3
78
1
hh-hi 6
129
1
bci-bcj 3
114
1
bbd-bbe 5
85
1
ejj-if 3
86
1
if-ig 6
87
1
ig-ih 2
497
1
ejg-ejh 8
498
1
ejh-eji 11
331
1
dda-ddb 2
399
1
ejj-djj 1
400
1
djj-eaa 10
236
1
cdf-cdg 11
271
1
ejj-chb 4
272
1
chb-chc 9
155
1
ejj-bff 3
359
1
dfi-dfj 8
360
1
dfj-dga 13
246
1
cef-ceg 9
355
1
dfe-dff 3
356
1
dff-dfg 4
392
1
djb-djc 13
373
1
dhc-dhd 9
441
1
eea-eeb 1
442
1
eeb-eec 9
443
1
ejj-eed 1
335
1
dde-ddf 8
281
1
ejj-cib 1
326
1
dcf-dcg 7
119
1
ejj-bbj 1
489
1
eii-eij 4
95
1
ejj-jf 3
96
1
jf-jg 10
140
1
bdj-bea 11
382
1
dib-dic 8
125
1
ejj-bcf 1
126
1
bcf-bcg 4
153
1
bfc-bfd 2
197
1
bjg-bjh 4
165
1
ejj-bgf 4
204
1
cad-cae 7
189
1
ejj-bij 1
265
1
cge-cgf 9
320
1
dbj-dca 13
178
1
bhh-bhi 8
180
1
bhj-bia 8
75
1
he-hf 10
217
1
ejj-cbh 5
18
1
bh-bi 9
346
1
def-deg 12
61
1
ga-gb 1
167
1
ejj-bgh 5
251
1
cfa-cfb 2
252
1
cfb-cfc 3
467
1
egg-egh 2
13
1
ejj-bd 5
98
1
jh-ji 14
327
1
dcg-dch 4
328
1
dch-dci 7
263
1
cgc-cgd 1
264
1
cgd-cge 13
312
1
dbb-dbc 11
313
1
ejj-dbd 3
314
1
dbd-dbe 8
107
1
bag-bah 5
310
1
daj-dba 15
311
1
ejj-dbb 1
240
1
cdj-cea 15
339
1
ejj-ddj 3
394
1
djd-dje 12
200
1
bjj-caa 10
201
1
ejj-cab 1
455
1
ejj-eff 5
73
1
hc-hd 3
475
1
ehe-ehf 7
476
1
ehf-ehg 8
477
1
ehg-ehh 7
457
1
ejj-efh 4
458
1
efh-efi 11
105
1
ejj-baf 3
437
1
edg-edh 5
491
1
eja-ejb 6
492
1
ejb-ejc 9
344
1
ded-dee 11
345
1
dee-def 3
375
1
ejj-dhf 5
376
1
dhf-dhg 14
50
1
ej-fa 14
393
1
ejj-djd 2
332
1
ddb-ddc 12
401
1
ejj-eab 1
237
1
ejj-cdh 1
405
1
ejj-eaf 1
406
1
eaf-eag 8
9
1
ejj-j 1
231
1
cda-cdb 4
232
1
cdb-cdc 7
347
1
ejj-deh 1
348
1
deh-dei 8
253
1
cfc-cfd 2
254
1
cfd-cfe 4
110
1
baj-bba 8
111
1
bba-bbb 2
112
1
bbb-bbc 7
478
1
ehh-ehi 7
479
1
ehi-ehj 5
429
1
eci-ecj 5
430
1
ecj-eda 7
431
1
ejj-edb 3
276
1
chf-chg 13
277
1
chg-chh 9
278
1
chh-chi 7
387
1
ejj-dih 4
417
1
ejj-ebh 3
418
1
ebh-ebi 13
93
1
ejj-jd 2
94
1
jd-je 10
299
1
ejj-cjj 4
300
1
cjj-daa 8
305
1
dae-daf 4
306
1
daf-dag 10
245
1
cee-cef 5
247
1
ejj-ceh 1
248
1
ceh-cei 7
249
1
cei-cej 6
35
1
ejj-df 1
11
1
ba-bb 7
12
1
bb-bc 11
211
1
cba-cbb 2
212
1
cbb-cbc 2
150
1
bej-bfa 9
46
1
ef-eg 5
304
1
dad-dae 8
69
1
gi-gj 3
70
1
gj-ha 13
321
1
ejj-dcb 3
462
1
egb-egc 7
26
1
cf-cg 9
250
1
cej-cfa 6
293
1
cjc-cjd 7
243
1
cec-ced 8
367
1
ejj-dgh 3
409
1
ejj-eaj 1
374
1
dhd-dhe 12
225
1
cce-ccf 7
226
1
ccf-ccg 8
133
1
ejj-bdd 4
403
1
eac-ead 8
404
1
ead-eae 8
22
1
cb-cc 6
199
1
ejj-bjj 1
164
1
bgd-bge 6
130
1
bcj-bda 5
131
1
bda-bdb 5
83
1
ic-id 5
84
1
id-ie 8
79
1
hi-hj 1
81
1
ejj-ib 2
82
1
ib-ic 7
463
1
ejj-egd 1
464
1
egd-ege 5
422
1
ecb-ecc 7
423
1
ecc-ecd 7
214
1
cbd-cbe 5
215
1
cbe-cbf 3
220
1
cbj-cca 11
301
1
daa-dab 4
483
1
ejj-eid 1
484
1
eid-eie 6
195
1
ejj-bjf 1
196
1
bjf-bjg 9
122
1
bcb-bcc 3
88
1
ih-ii 3
338
1
ddh-ddi 7
445
1
ejj-eef 3
446
1
eef-eeg 9
27
1
ejj-ch 2
28
1
ch-ci 9
426
1
ecf-ecg 8
143
1
ejj-bed 1
363
1
dgc-dgd 11
364
1
dgd-dge 14
412
1
ebb-ebc 15
490
1
eij-eja 10
102
1
bab-bac 7
103
1
bac-bad 3
4
1
d-e 5
5
1
ejj-f 2
330
1
dcj-dda 8
450
1
eej-efa 2
451
1
ejj-efb 1
452
1
efb-efc 5
230
1
ccj-cda 11
30
1
cj-da 9
31
1
da-db 2
135
1
ejj-bdf 3
136
1
bdf-bdg 11
142
1
beb-bec 9
32
1
db-dc 16
141
1
bea-beb 5
90
1
ij-ja 6
91
1
ejj-jb 2
92
1
jb-jc 8
148
1
beh-bei 8
473
1
ehc-ehd 4
474
1
ehd-ehe 10
368
1
dgh-dgi 13
371
1
ejj-dhb 1
372
1
dhb-dhc 11
238
1
cdh-cdi 9
340
1
ddj-dea 4
198
1
bjh-bji 7
192
1
bjb-bjc 14
325
1
dce-dcf 5
223
1
ccc-ccd 3
224
1
ccd-cce 12
343
1
dec-ded 6
17
1
ejj-bh 2
185
1
bie-bif 5
186
1
bif-big 10
187
1
big-bih 7
432
1
edb-edc 9
433
1
edc-edd 5
24
1
cd-ce 5
266
1
cgf-cgg 10
413
1
ebc-ebd 15
414
1
ebd-ebe 16
41
1
ejj-eb 1
42
1
eb-ec 10
71
1
ha-hb 11
72
1
hb-hc 15
397
1
djg-djh 1
398
1
djh-dji 6
396
1
djf-djg 8
283
1
cic-cid 14
184
1
bid-bie 5
439
1
edi-edj 2
74
1
hd-he 11
181
1
ejj-bib 3
444
1
eed-eee 7
440
1
edj-eea 7
488
1
eih-eii 7
377
1
dhg-dhh 5
378
1
dhh-dhi 11
10
1
j-ba 9
381
1
dia-dib 6
471
1
eha-ehb 6
472
1
ehb-ehc 12
424
1
ecd-ece 8
333
1
ejj-ddd 1
235
1
ejj-cdf 1
158
1
bfh-bfi 8
160
1
bfj-bga 6
162
1
bgb-bgc 5
456
1
eff-efg 9
190
1
bij-bja 12
410
1
eaj-eba 13
411
1
eba-ebb 5
227
1
ejj-cch 1
168
1
bgh-bgi 9
169
1
ejj-bgj 1
468
1
egh-egi 7
216
1
cbf-cbg 3
218
1
cbh-cbi 8
262
1
cgb-cgc 8
279
1
ejj-chj 3
351
1
dfa-dfb 6
352
1
dfb-dfc 5
353
1
dfc-dfd 3
297
1
ejj-cjh 3
298
1
cjh-cji 7
20
1
bj-ca 7
188
1
bih-bii 8
62
1
gb-gc 9
383
1
dic-did 1
385
1
ejj-dif 1
38
1
dh-di 9
171
1
ejj-bhb 1
33
1
dc-dd 11
365
1
dge-dgf 9
286
1
cif-cig 8
288
1
cih-cii 8
289
1
cii-cij 7
99
1
ji-jj 10
100
1
jj-baa 11
161
1
bga-bgb 5
425
1
ejj-ecf 2
427
1
ecg-ech 7
428
1
ech-eci 6
43
1
ec-ed 10
44
1
ed-ee 10
144
1
bed-bee 6
145
1
bee-bef 4
435
1
ejj-edf 2
436
1
edf-edg 9
447
1
eeg-eeh 4
295
1
ejj-cjf 3
296
1
cjf-cjg 5
205
1
cae-caf 2
206
1
caf-cag 3
134
1
bdd-bde 12
123
1
bcc-bcd 1
319
1
ejj-dbj 2
56
1
ff-fg 4
16
1
bf-bg 10
465
1
ege-egf 1
334
1
ddd-dde 9
139
1
bdi-bdj 7
487
1
eig-eih 4
39
1
di-dj 7
40
1
dj-ea 10
124
1
bcd-bce 5
182
1
bib-bic 5
183
1
bic-bid 3
386
1
dif-dig 7
137
1
ejj-bdh 1
138
1
bdh-bdi 9
68
1
gh-gi 11
193
1
bjc-bjd 2
362
1
dgb-dgc 10
170
1
bgj-bha 6
366
1
dgf-dgg 12
421
1
ejj-ecb 1
461
1
ejj-egb 2
154
1
bfd-bfe 7
76
1
hf-hg 9
14
1
bd-be 7
349
1
ejj-dej 1
132
1
bdb-bdc 7
317
1
ejj-dbh 2
117
1
ejj-bbh 1
118
1
bbh-bbi 2
47
1
eg-eh 1
48
1
eh-ei 8
269
1
cgi-cgj 4
324
1
dcd-dce 7
207
1
cag-cah 2
208
1
cah-cai 2
294
1
cjd-cje 8
469
1
ejj-egj 1
470
1
egj-eha 5
104
1
bad-bae 7
221
1
cca-ccb 8
222
1
ccb-ccc 10
258
1
cfh-cfi 8
259
1
ejj-cfj 2
260
1
cfj-cga 9
146
1
bef-beg 7
267
1
ejj-cgh 1
268
1
cgh-cgi 5
233
1
cdc-cdd 5
234
1
cdd-cde 11
101
1
baa-bab 4
115
1
bbe-bbf 3
116
1
bbf-bbg 4
485
1
eie-eif 4
486
1
eif-eig 4
34
1
dd-de 11
302
1
dab-dac 4
261
1
ejj-cgb 1
318
1
dbh-dbi 8
53
1
fc-fd 7
67
1
gg-gh 7
290
1
cij-cja 7
255
1
ejj-cff 1
120
1
bbj-bca 2
284
1
cid-cie 11
273
1
ejj-chd 1
274
1
chd-che 8
280
1
chj-cia 12
291
1
cja-cjb 5
147
1
beg-beh 4
350
1
dej-dfa 4
354
1
dfd-dfe 1