1620
341
1
hha-deb 1
36
1
bgfe-dg 6
324
1
ebg-dce 4
120
1
bae-bca 1
852
1
fdj-ifc 2
1159
1
cje-bbfj 3
808
1
dje-iai 55
1092
1
dhb-bajc 15
473
1
hjj-ehd 7
824
1
jfh-ice 5
882
1
gfa-iic 1
138
1
gci-bdi 15
668
1
cgh-ggi 35
57
1
bdb-fh 1
1372
1
bahg-bdhc 385
267
1
cag-cgh 11
664
1
ifg-gge 2
62
1
gge-gc 70
19
1
dg-bj 1
1339
1
bbbe-bddj 153
1089
1
bha-baij 21
1018
1
baij-babi 187
92
1
bbjg-jc 117
241
1
bdea-ceb 174
1003
1
ehj-baad 9
710
1
bega-hba 5
435
1
hba-edf 18
1657
1
bgbi-bgfh 15
1617
1
ece-bgbh 7
265
1
bgbh-cgf 24
550
1
bfef-ffa 44
130
1
ffa-bda 56
1628
1
bda-bgci 6
1365
1
fcc-bdgf 37
878
1
bdgf-ihi 217
17
1
hjd-bh 1
1515
1
efe-bfbf 71
928
1
bfbf-jci 329
637
1
if-gdh 1
601
1
gdh-gab 302
273
1
ebh-chd 1
496
1
eb-ejg 5
231
1
jaa-cdb 6
184
1
cdc-bie 1
1590
1
bie-bfja 10
495
1
bfja-ejf 13
805
1
ecj-iaf 1
607
1
cdd-gah 3
970
1
ghd-jha 38
1042
1
ccb-baec 1
78
1
ihf-hi 3
1161
1
iic-bbgb 4
1174
1
fh-bbhe 2
128
1
bcbc-bci 10
1180
1
ij-bbia 7
1635
1
bbia-bgdf 17
930
1
bdig-jda 465
705
1
bbcd-haf 2
38
1
haf-di 233
52
1
fif-fc 14
714
1
fji-hbe 13
1345
1
hbe-bdef 82
742
1
fai-hec 14
1429
1
bdbi-becj 3
216
1
bbfi-cbg 36
697
1
cbg-gjh 76
373
1
ije-dhd 14
836
1
ic-idg 1
1253
1
jeh-bcfd 1
830
1
bhf-ida 1
1234
1
cba-bcde 5
609
1
bcde-gaj 1
1521
1
gfa-bfcb 5
571
1
beaa-fhb 3
724
1
bde-hce 1
1425
1
hce-becf 13
820
1
bcfh-ica 3
1290
1
hhd-bcja 81
285
1
baed-cif 1
139
1
hhc-bdj 4
1368
1
bdj-bdgi 68
1463
1
bdgi-begd 105
548
1
begd-fei 101
807
1
dad-iah 4
1485
1
hfb-beif 18
1561
1
beif-bfgb 11
954
1
egf-jfe 2
1220
1
bdhj-bcca 4
640
1
edi-gea 4
135
1
bbab-bdf 15
1203
1
bdf-bcad 35
456
1
iib-efg 123
1434
1
hf-bede 5
1065
1
bede-bagf 69
37
1
gcd-dh 3
1436
1
jbg-bedg 25
1077
1
bedg-bahh 26
136
1
ch-bdg 2
445
1
bdcd-eef 3
286
1
eef-cig 1
261
1
dhd-cgb 1
1302
1
gba-bdac 23
1562
1
bdac-bfgc 14
63
1
dai-gd 4
1048
1
bcig-baei 72
503
1
bdjg-fad 18
1418
1
fad-bebi 112
1276
1
idc-bchg 4
122
1
bbff-bcc 92
1422
1
bcc-becc 13
1358
1
jcf-bdfi 4
1536
1
bdfi-bfdg 275
414
1
df-ebe 10
1450
1
cbc-befa 9
958
1
eib-jfi 3
284
1
gg-cie 40
257
1
baj-cfh 1
791
1
cbb-hjb 3
1415
1
ghb-bebf 20
840
1
bij-iea 14
1543
1
iia-bfed 223
572
1
bgea-fhc 14
1125
1
fhc-bbcf 299
407
1
bcaj-eah 8
1232
1
bccd-bcdc 131
1523
1
bcdc-bfcd 68
960
1
bfab-jga 3
420
1
jff-eca 1
275
1
fch-chf 8
112
1
chf-bbc 86
178
1
bacb-bhi 1
217
1
jhi-cbh 2
1172
1
bca-bbhc 1
300
1
ih-daa 3
174
1
chd-bhe 1
819
1
bbdb-ibj 15
1321
1
ibj-bdcb 46
305
1
cha-daf 1
96
1
beb-jg 3
647
1
iai-geh 3
220
1
eea-cca 3
1342
1
cca-bdec 4
1537
1
bdec-bfdh 148
1471
1
bfdh-behb 148
692
1
hji-gjc 95
1076
1
bgc-bahg 2
810
1
bafb-iba 45
176
1
bci-bhg 1
1408
1
ida-beai 39
14
1
babg-be 5
1021
1
jhb-bacb 1
1190
1
fec-bbja 148
237
1
bbja-cdh 148
622
1
bbii-gcc 3
526
1
gcc-fcg 20
443
1
gcd-eed 6
1207
1
eed-bcah 409
349
1
fda-dej 12
767
1
dej-hgh 416
358
1
hgh-dfi 281
699
1
hhe-gjj 2
219
1
jec-cbj 1
1619
1
cbj-bgbj 13
558
1
cdj-ffi 6
434
1
jh-ede 162
218
1
ede-cbi 80
537
1
bcjh-fdh 1
517
1
bcjg-fbh 3
1366
1
fbh-bdgg 7
795
1
gid-hjf 2
854
1
hjf-ife 52
828
1
cj-ici 11
389
1
cga-dij 2
1073
1
dii-bahd 4
721
1
ffe-hcb 4
1578
1
ice-bfhi 206
759
1
bfhi-hfj 33
798
1
bba-hji 2
838
1
bbdd-idi 20
655
1
idi-gff 297
561
1
gff-fgb 245
880
1
hfh-iia 6
631
1
eah-gdb 302
166
1
ehg-bgg 27
1080
1
gaf-baia 1
907
1
cfe-jah 1
299
1
bfeb-cjj 27
683
1
cjj-gid 138
913
1
dij-jbd 11
1273
1
bdaf-bchd 29
1391
1
bchd-bdjb 46
453
1
iac-efd 1
68
1
bcff-gi 27
170
1
bi-bha 2
666
1
caf-ggg 2
71
1
efh-hb 11
1378
1
ccf-bdhi 191
1660
1
bdhi-bgga 217
1565
1
eig-bfgf 1
1188
1
jhc-bbii 2
1423
1
bbii-becd 29
1443
1
bfih-beed 85
448
1
bih-eei 10
906
1
cbc-jag 13
24
1
ef-ce 1
1145
1
fjf-bbef 5
1235
1
bbef-bcdf 125
461
1
efi-egb 2
1221
1
cid-bccb 31
210
1
bccb-cba 7
278
1
ibj-chi 1
704
1
chi-hae 91
1359
1
bbjf-bdfj 59
1049
1
hih-baej 1
1364
1
baej-bdge 484
813
1
bdhd-ibd 13
962
1
babj-jgc 11
419
1
ehi-ebj 22
1014
1
dbj-babe 3
717
1
ci-hbh 17
1371
1
haf-bdhb 7
250
1
bdhb-cfa 60
1343
1
bbbi-bded 1
980
1
ecc-jia 8
40
1
jjh-ea 2
845
1
ea-ief 4
340
1
dia-dea 4
1409
1
bcea-beaj 1
394
1
bbj-dje 3
1483
1
iai-beid 49
672
1
begg-ghc 3
111
1
d-bbb 4
1482
1
ec-beic 5
1634
1
beic-bgde 87
1478
1
bgde-behi 86
896
1
behi-ijg 89
1351
1
ijg-bdfb 68
1022
1
feg-bacc 2
1061
1
bcgd-bagb 1
1374
1
baia-bdhe 1
959
1
bcc-jfj 8
423
1
fba-ecd 1
961
1
ecd-jgb 219
952
1
egb-jfc 1
79
1
jfc-hj 76
1202
1
fa-bcac 15
1033
1
gh-badd 1
1609
1
egb-bgaj 57
582
1
cea-fic 33
18
1
feh-bi 1
1230
1
ijd-bcda 24
1205
1
bcda-bcaf 123
1650
1
bddj-bgfa 211
268
1
ia-cgi 1
788
1
djb-hii 6
355
1
heg-dff 7
1616
1
dff-bgbg 27
228
1
bgbg-cci 27
1406
1
cci-beag 54
1012
1
ege-babc 1
953
1
babc-jfd 27
478
1
jfd-ehi 80
1587
1
cif-bfih 82
98
1
bdjh-ji 14
1141
1
ji-bbeb 13
1231
1
bddd-bcdb 2
454
1
bcdb-efe 297
1640
1
bcia-bgea 12
117
1
ehi-bbh 3
849
1
bdi-iej 1
32
1
bbgj-dc 9
1340
1
dc-bdea 172
831
1
cii-idb 3
158
1
ich-bfi 1
1574
1
bfi-bfhe 338
1614
1
bfhe-bgbe 269
144
1
dfg-bee 3
400
1
ghi-eaa 1
85
1
bcge-if 9
1010
1
ehi-baba 61
504
1
fej-fae 1
1286
1
fae-bcig 95
918
1
hai-jbi 1
320
1
jbi-dca 145
190
1
dig-bja 1
460
1
jca-ega 20
1641
1
ega-bgeb 68
856
1
bgeb-ifg 71
1032
1
cad-badc 1
687
1
bbfb-gih 1
726
1
ja-hcg 16
212
1
efg-cbc 2
560
1
bhe-fga 28
985
1
bb-jif 33
1134
1
jif-bbde 62
979
1
eei-jhj 249
651
1
jhj-gfb 249
1442
1
jba-beec 20
409
1
jfa-eaj 1
60
1
fga-ga 30
225
1
jeg-ccf 1
782
1
chh-hic 2
195
1
ecg-bjf 23
455
1
jge-eff 30
1444
1
hhc-beee 33
1177
1
beee-bbhh 263
1386
1
bajc-bdig 1
636
1
bajh-gdg 9
1051
1
bbbd-bafb 36
205
1
gag-caf 4
879
1
cef-ihj 11
1563
1
ihj-bfgd 46
1281
1
bfgd-bcib 35
304
1
bcib-dae 43
1658
1
bie-bgfi 2
88
1
bacj-ii 13
1192
1
ii-bbjc 16
61
1
bbjc-gb 17
55
1
bdf-ff 1
617
1
dje-gbh 1
735
1
dci-hdf 12
592
1
bcff-fjc 6
944
1
ceg-jee 2
723
1
jee-hcd 176
427
1
bajd-ech 1
671
1
bgef-ghb 11
193
1
ghb-bjd 23
745
1
bfch-hef 14
1059
1
hef-bafj 120
1212
1
dbe-bcbc 20
679
1
bcbc-ghj 125
569
1
ghj-fgj 123
794
1
bdja-hje 89
1642
1
djd-bgec 11
1280
1
bgec-bcia 17
1510
1
bdgg-bfba 6
311
1
eaa-dbb 220
1252
1
cig-bcfc 5
1104
1
gc-bbae 74
1477
1
bcgg-behh 281
1514
1
behh-bfbe 181
249
1
ef-cej 1
402
1
jhi-eac 1
25
1
bbci-cf 2
853
1
ijh-ifd 1
465
1
cha-egf 1
689
1
bei-gij 13
343
1
jab-ded 2
1575
1
jjj-bfhf 268
1266
1
bfhf-bcgg 280
1375
1
bcdh-bdhf 10
1322
1
iig-bdcc 5
489
1
ief-eij 5
335
1
bei-ddf 1
1535
1
ddf-bfdf 10
1397
1
bfdf-bdjh 10
1529
1
dif-bfcj 5
646
1
bfcj-geg 19
8
1
geg-i 11
965
1
fbf-jgf 2
1534
1
jgf-bfde 52
1601
1
fga-bgab 25
1113
1
bgab-bbbd 25
116
1
gdc-bbg 18
760
1
fdb-hga 7
1169
1
hjc-bbgj 1
235
1
badh-cdf 2
804
1
fjd-iae 2
968
1
iae-jgi 211
1168
1
jab-bbgi 1
1095
1
bcje-bajf 3
1099
1
bajf-bajj 170
975
1
bajj-jhf 171
1064
1
jfb-bage 19
806
1
bage-iag 77
316
1
ffg-dbg 2
372
1
jii-dhc 19
256
1
bbdg-cfg 33
1229
1
cfg-bccj 26
1114
1
bccj-bbbe 129
1388
1
fbg-bdii 1
846
1
fjj-ieg 5
695
1
dig-gjf 39
564
1
ibf-fge 2
439
1
cfb-edj 1
1621
1
icd-bgcb 85
1184
1
bbhj-bbie 1
841
1
bbie-ieb 11
541
1
ih-feb 1
1329
1
feb-bdcj 4
1041
1
iag-baeb 15
881
1
chd-iib 5
799
1
beea-hjj 1
754
1
ejg-hfe 5
418
1
hfe-ebi 33
397
1
gdg-djh 6
1011
1
djh-babb 163
817
1
eja-ibh 39
1577
1
ibh-bfhh 152
1430
1
bc-beda 4
893
1
gdh-ijd 9
1487
1
ijd-beih 289
1084
1
bade-baie 12
916
1
baie-jbg 36
1659
1
eef-bgfj 29
983
1
bdgd-jid 4
546
1
bd-feg 3
926
1
ggg-jcg 211
800
1
cij-iaa 1
758
1
eci-hfi 10
821
1
hfi-icb 297
518
1
bjb-fbi 12
1501
1
fbi-bfab 2
375
1
ebj-dhf 13
430
1
bdcg-eda 7
1559
1
eda-bffj 39
957
1
bffj-jfh 40
1250
1
djh-bcfa 9
1100
1
bcfa-bbaa 257
583
1
bbaa-fid 230
1455
1
fid-beff 118
764
1
jdc-hge 2
685
1
bcig-gif 24
1653
1
gif-bgfd 248
614
1
bgfd-gbe 254
426
1
bcca-ecg 149
380
1
jcc-dia 1
199
1
gci-bjj 29
826
1
bjj-icg 220
417
1
icg-ebh 204
1435
1
ebh-bedf 190
719
1
bedf-hbj 191
887
1
hbj-iih 221
481
1
bbbe-eib 50
356
1
dhf-dfg 4
568
1
eeh-fgi 3
339
1
dia-ddj 2
379
1
idc-dhj 2
1460
1
gca-bega 4
476
1
bdgh-ehg 13
1319
1
bbci-bdbj 8
1558
1
ed-bffi 18
908
1
bbbg-jai 76
327
1
jai-dch 99
949
1
dch-jej 84
1649
1
jej-bgej 162
1568
1
fea-bfgi 17
292
1
bfgi-cjc 162
404
1
icb-eae 265
75
1
dah-hf 1
1582
1
igc-bfic 15
563
1
bfic-fgd 26
1555
1
becg-bfff 11
9
1
ce-j 1
238
1
j-cdi 13
41
1
cdi-eb 24
1164
1
eb-bbge 37
610
1
bbge-gba 86
973
1
geb-jhd 9
1069
1
jhd-bagj 133
1196
1
bbfe-bbjg 32
1000
1
fgi-baaa 180
213
1
ehe-cbd 1
539
1
bdfh-fdj 68
950
1
chb-jfa 7
1151
1
ghj-bbfb 2
1469
1
bbfb-begj 97
1015
1
ceg-babf 3
185
1
bgcg-bif 124
410
1
cee-eba 1
1362
1
bcbd-bdgc 1
1459
1
bdgc-befj 29
274
1
befj-che 29
240
1
be-cea 1
934
1
bdgi-jde 2
1130
1
jde-bbda 125
1175
1
baif-bbhf 8
681
1
ehj-gib 1
315
1
gib-dbf 247
989
1
ge-jij 2
606
1
jij-gag 1
1544
1
dae-bfee 91
1156
1
bcjh-bbfg 1
97
1
hib-jh 12
1633
1
bffd-bgdd 1
523
1
hib-fcd 1
2
1
fcd-c 37
1264
1
baih-bcge 13
384
1
jeb-die 2
1211
1
bdbj-bcbb 47
1149
1
fja-bbej 16
1158
1
bace-bbfi 1
792
1
hcc-hjc 3
1236
1
hjc-bcdg 99
654
1
bif-gfe 1
1133
1
eii-bbdd 15
873
1
bgei-ihd 1
463
1
cfa-egd 95
1585
1
caa-bfif 3
1055
1
hcj-baff 3
506
1
bahb-fag 7
1086
1
ihc-baig 5
49
1
baig-ej 23
611
1
dhf-gbb 10
1632
1
gbb-bgdc 31
1136
1
bhc-bbdg 13
131
1
cda-bdb 1
1173
1
bced-bbhd 12
181
1
eae-bib 166
1403
1
bib-bead 33
1361
1
fca-bdgb 1
1573
1
bdgb-bfhd 200
1225
1
bajb-bccf 12
1399
1
bccf-bdjj 158
709
1
bdjj-haj 159
1195
1
haj-bbjf 152
1626
1
cba-bgcg 123
921
1
ihh-jcb 4
578
1
jcb-fhi 26
119
1
baja-bbj 3
1652
1
bfjg-bgfc 23
1407
1
bgfc-beah 24
738
1
beah-hdi 15
543
1
eac-fed 1
1645
1
fed-bgef 10
756
1
ij-hfg 1
842
1
hfh-iec 2
1171
1
iec-bbhb 194
1390
1
bdeb-bdja 3
470
1
fgd-eha 1
531
1
eha-fdb 217
1262
1
bahc-bcgc 2
133
1
bcgc-bdd 24
1214
1
bdd-bcbe 5
492
1
ggd-ejc 20
72
1
dbf-hc 7
1239
1
fdb-bcdj 233
870
1
bcdj-iha 74
1029
1
iha-bacj 268
600
1
gbb-gaa 6
773
1
ch-hhd 1
861
1
gb-igb 1
628
1
cea-gci 19
1556
1
gci-bffg 37
28
1
hfh-ci 15
167
1
bfgh-bgh 6
1357
1
bacc-bdfh 17
236
1
bfjd-cdg 4
1595
1
cdg-bfjf 111
66
1
idf-gg 3
344
1
dej-dee 1
345
1
ceb-def 1
1182
1
befc-bbic 2
1647
1
bece-bgeh 4
357
1
fee-dfh 17
528
1
bbea-fci 9
458
1
eec-efi 3
396
1
efi-djg 5
547
1
djg-feh 16
1288
1
jeh-bcii 12
482
1
fhi-eic 4
1284
1
eic-bcie 33
1142
1
cai-bbec 1
408
1
efh-eai 2
1261
1
jae-bcgb 32
992
1
bcgb-jjc 90
753
1
ddc-hfd 1
555
1
fgj-fff 1
1107
1
bfjh-bbah 2
1520
1
ghc-bfca 87
522
1
gic-fcc 8
83
1
gbg-id 1
581
1
gjb-fib 1
362
1
bdbb-dgc 1
684
1
ihe-gie 1
1513
1
dcg-bfbd 5
621
1
bfbd-gcb 28
313
1
bbg-dbd 1
917
1
dbd-jbh 15
1103
1
jbh-bbad 11
875
1
ijj-ihf 9
1360
1
ehh-bdga 18
1447
1
bdgc-beeh 125
118
1
gfd-bbi 7
781
1
bbi-hib 106
471
1
bj-ehb 1
1373
1
bae-bdhd 17
1016
1
beba-babg 61
334
1
ghh-dde 23
354
1
ii-dfe 6
1013
1
gec-babd 3
1451
1
babd-befb 41
732
1
bdac-hdc 30
519
1
beig-fbj 6
898
1
gd-iji 23
1301
1
bdib-bdab 10
378
1
ihg-dhi 30
682
1
bjc-gic 1
516
1
edb-fbg 2
1394
1
bacj-bdje 18
801
1
bdbh-iab 21
1027
1
baag-bach 3
1638
1
jdi-bgdi 1
1369
1
hhh-bdgj 1
645
1
dfi-gef 48
591
1
cja-fjb 1
1039
1
ff-badj 4
945
1
bbje-jef 52
281
1
bdhh-cib 54
545
1
bbfh-fef 12
793
1
fef-hjd 322
1228
1
bcae-bcci 25
999
1
edg-jjj 4
1102
1
bejd-bbac 21
706
1
bcgb-hag 9
867
1
hag-igh 16
1020
1
igh-baca 16
1213
1
baca-bcbd 2
411
1
beb-ebb 6
722
1
cie-hcc 1
736
1
eba-hdg 1
1006
1
jci-baag 80
360
1
bcdg-dga 61
1622
1
bdbe-bgcc 4
1070
1
bgcc-baha 40
1437
1
baha-bedh 61
1505
1
hbb-bfaf 1
1155
1
fcc-bbff 52
433
1
cbe-edd 51
533
1
baei-fdd 48
1054
1
bgf-bafe 2
765
1
fea-hgf 5
1066
1
hgb-bagg 16
1181
1
bdi-bbib 73
588
1
bagb-fii 9
1424
1
fii-bece 15
1170
1
begi-bbha 67
874
1
hdi-ihe 11
1258
1
ihe-bcfi 16
749
1
gcc-hej 2
1030
1
bbcf-bada 14
1576
1
bfhi-bfhg 109
731
1
bejg-hdb 38
1110
1
hde-bbba 2
823
1
hj-icd 58
1240
1
becb-bcea 26
700
1
dg-haa 2
1310
1
bbch-bdba 9
1603
1
bdba-bgad 4
1462
1
bgad-begc 3
510
1
cdi-fba 3
894
1
beef-ije 60
940
1
ije-jea 54
194
1
cga-bje 3
931
1
jji-jdb 6
1639
1
jdb-bgdj 72
1526
1
bgdj-bfcg 53
542
1
bfcg-fec 161
725
1
b-hcf 28
1441
1
bbee-beeb 20
1625
1
cib-bgcf 90
1223
1
bfed-bccd 120
1355
1
jga-bdff 121
713
1
bei-hbd 14
1122
1
bgf-bbcc 7
214
1
bbcc-cbe 61
1527
1
bafe-bfch 55
715
1
jf-hbf 2
107
1
ifd-bah 10
1489
1
bah-beij 38
825
1
fce-icf 54
1445
1
hhf-beef 7
1344
1
gii-bdee 27
1144
1
gcj-bbee 1
309
1
dce-daj 2
347
1
ifa-deh 1
590
1
cih-fja 1
619
1
eaa-gbj 3
364
1
hcj-dge 2
442
1
dge-eec 19
468
1
cdi-egi 1
1154
1
bbgi-bbfe 21
1470
1
hcj-beha 45
369
1
ghb-dgj 2
1050
1
dgj-bafa 31
1509
1
bcjd-bfaj 8
1432
1
bfaj-bedc 4
1295
1
bdjc-bcjf 42
260
1
bcjf-cga 58
1627
1
cga-bgch 51
1206
1
bgch-bcag 52
1496
1
cha-bejg 2
511
1
jgi-fbb 28
168
1
dda-bgi 1
464
1
dbb-ege 1
350
1
bfb-dfa 3
365
1
bffd-dgf 2
12
1
hbf-bc 7
386
1
fcd-dig 43
100
1
efg-baa 23
337
1
baa-ddh 43
787
1
ddh-hih 27
1516
1
hih-bfbg 34
255
1
bafc-cff 21
1468
1
cff-begi 66
115
1
bage-bbf 31
1410
1
bbf-beba 70
222
1
jfh-ccc 19
768
1
cdb-hgi 18
1178
1
hgi-bbhi 29
374
1
ehb-dhe 1
1506
1
jai-bfag 97
1275
1
bfag-bchf 8
635
1
bhc-gdf 3
363
1
ebc-dgd 1
1208
1
bbcj-bcai 8
1630
1
bcai-bgda 5
1545
1
faa-bfef 15
1350
1
hdb-bdfa 31
1346
1
hdh-bdeg 3
388
1
bdeg-dii 7
670
1
bfgj-gha 1
986
1
bbe-jig 3
1395
1
jig-bdjf 37
716
1
jh-hbg 4
124
1
bi-bce 2
1153
1
bdcj-bbfd 18
172
1
eje-bhc 2
1094
1
iej-baje 28
1098
1
baje-baji 170
1608
1
baji-bgai 96
1138
1
baee-bbdi 19
1038
1
ghg-badi 1
910
1
bdef-jba 2
1090
1
bif-baja 3
848
1
bcgb-iei 6
1476
1
iei-behg 87
1393
1
eca-bdjd 49
401
1
bbga-eab 55
1194
1
cbd-bbje 51
981
1
gda-jib 1
399
1
caj-djj 1
620
1
gfd-gca 1
1309
1
je-bdaj 10
1481
1
bdaj-beib 5
30
1
beib-da 5
1116
1
icb-bbbg 31
322
1
heg-dcc 5
1106
1
gff-bbag 85
1287
1
cae-bcih 37
1299
1
fig-bcjj 4
1277
1
bbij-bchh 11
1052
1
bbef-bafc 5
301
1
bef-dab 3
245
1
dab-cef 5
1396
1
bdef-bdjg 35
1267
1
cbj-bcgh 1
677
1
cbc-ghh 23
450
1
hch-efa 20
1
1
ehb-b 2
48
1
jfj-ei 13
1087
1
eea-baih 2
200
1
hfg-caa 1
1656
1
bce-bgfg 10
728
1
fbf-hci 3
1541
1
ggf-bfeb 42
1354
1
gdf-bdfe 5
603
1
hij-gad 40
198
1
beeb-bji 35
789
1
hag-hij 4
90
1
hij-ja 17
385
1
bbdh-dif 40
161
1
dff-bgb 1
1200
1
bgb-bcaa 11
1060
1
ded-baga 1
570
1
fhc-fha 15
317
1
fha-dbh 16
1216
1
iea-bcbg 57
499
1
chf-ejj 29
513
1
jhc-fbd 10
864
1
hjc-ige 47
493
1
ige-ejd 26
1031
1
dcd-badb 3
413
1
had-ebd 4
909
1
iic-jaj 7
922
1
gfb-jcc 30
923
1
ied-jcd 4
1279
1
jcd-bchj 31
847
1
bchj-ieh 31
147
1
ieh-beh 35
425
1
beh-ecf 16
477
1
dcc-ehh 1
604
1
ghc-gae 3
839
1
bcc-idj 27
694
1
b-gje 2
1067
1
cgf-bagh 21
1233
1
bagh-bcdd 26
1600
1
bcdd-bgaa 56
1474
1
ihd-behe 14
1324
1
jfc-bdce 16
298
1
hbd-cji 2
1571
1
bhg-bfhb 45
94
1
bbi-je 2
1539
1
dgg-bfdj 1
1131
1
hjj-bbdb 14
467
1
cii-egh 1
596
1
bhg-fjg 1
514
1
bceh-fbe 18
1028
1
egi-baci 3
1367
1
ghj-bdgh 9
1117
1
bagc-bbbh 7
762
1
hje-hgc 21
1327
1
hgc-bdch 79
1426
1
bagi-becg 18
291
1
bagh-cjb 3
437
1
dah-edh 5
1300
1
eba-bdaa 3
658
1
ghc-gfi 1
1046
1
hhd-baeg 8
855
1
jgf-iff 7
475
1
jgj-ehf 3
391
1
eee-djb 1
740
1
jjg-hea 4
142
1
ica-bec 2
1353
1
bec-bdfd 28
1377
1
bdfd-bdhh 54
4
1
hic-e 59
557
1
e-ffh 19
148
1
jca-bei 40
770
1
ii-hha 7
169
1
jai-bgj 1
440
1
gcc-eea 3
329
1
begb-dcj 3
1185
1
dcj-bbif 17
1304
1
bbif-bdae 1
1337
1
bffa-bddh 7
67
1
bddh-gh 8
1497
1
bdaa-bejh 37
1428
1
bbgj-beci 35
850
1
ccc-ifa 28
576
1
fjc-fhg 10
303
1
gfe-dad 13
46
1
cbg-eg 1
201
1
cjd-cab 4
283
1
dfa-cid 1
956
1
fic-jfg 5
920
1
fdh-jca 5
422
1
cd-ecc 4
351
1
ehb-dfb 2
500
1
dhg-faa 2
829
1
jie-icj 16
1591
1
icj-bfjb 17
332
1
bfjb-ddc 18
1316
1
bfii-bdbg 25
653
1
bdbg-gfd 44
1120
1
jcc-bbca 11
459
1
fhc-efj 1
707
1
fda-hah 11
796
1
gdj-hjg 3
1588
1
edc-bfii 1
1398
1
egb-bdji 14
151
1
fda-bfb 1
696
1
bbic-gjg 15
832
1
gjg-idc 43
632
1
babf-gdc 8
1356
1
bib-bdfg 1
942
1
dae-jec 3
123
1
jec-bcd 4
206
1
ebb-cag 2
1504
1
ecc-bfae 71
1257
1
egd-bcfh 7
74
1
gig-he 1
1446
1
bdeb-beeg 5
1629
1
beeg-bgcj 61
1438
1
iib-bedi 78
915
1
gfg-jbf 7
1507
1
jbf-bfah 63
508
1
fdh-fai 17
624
1
fai-gce 3
1201
1
jjj-bcab 2
901
1
gbe-jab 5
656
1
bahh-gfg 16
452
1
hd-efc 1
1126
1
fcg-bbcg 4
994
1
baig-jje 26
1157
1
gec-bbfh 6
816
1
fhg-ibg 19
1204
1
ibg-bcae 5
58
1
hee-fi 2
1045
1
bdbf-baef 1
1007
1
baef-baah 10
648
1
iba-gei 16
227
1
ice-cch 1
154
1
gbc-bfe 3
102
1
bfe-bac 20
490
1
babi-eja 124
1512
1
ijd-bfbc 9
995
1
hja-jjf 6
1420
1
ddg-beca 1
23
1
bcaj-cd 1
143
1
cd-bed 31
1606
1
bed-bgag 38
1163
1
bgag-bbgd 39
729
1
bbgd-hcj 35
1349
1
jag-bdej 7
1596
1
bdej-bfjg 36
84
1
dej-ie 1
748
1
ie-hei 1
321
1
jia-dcb 1
1336
1
badj-bddg 16
809
1
gci-iaj 1
663
1
igd-ggd 3
815
1
bffh-ibf 26
772
1
fhc-hhc 1
160
1
efe-bga 1
779
1
hie-hhj 6
310
1
gdh-dba 3
175
1
ca-bhf 1
1500
1
ccd-bfaa 13
1333
1
bcbf-bddd 8
152
1
cei-bfc 2
540
1
ee-fea 1
47
1
bbei-eh 4
326
1
cd-dcg 1
1002
1
hig-baac 1
1245
1
fbj-bcef 25
946
1
bbj-jeg 25
1001
1
ifd-baab 14
688
1
baab-gii 28
939
1
dhb-jdj 1
1162
1
bafa-bbgc 25
243
1
efg-ced 1
1414
1
bccd-bebe 29
1453
1
dci-befd 10
690
1
ecd-gja 13
774
1
eff-hhe 32
1584
1
ceh-bfie 2
287
1
icg-cih 64
202
1
fid-cac 21
165
1
iaa-bgf 14
11
1
bcef-bb 7
1546
1
dfb-bfeg 37
352
1
fgj-dfc 5
967
1
dfc-jgh 10
814
1
fba-ibe 23
535
1
fbj-fdf 3
3
1
bcb-d 13
76
1
dfj-hg 1
1224
1
iib-bcce 2
35
1
iei-df 1
1140
1
cga-bbea 1
1271
1
bdfj-bchb 60
1259
1
ibc-bcfj 3
869
1
dde-igj 8
982
1
igj-jic 11
140
1
fif-bea 1
1589
1
gih-bfij 16
50
1
bcb-fa 1
412
1
bjg-ebc 1
1097
1
hba-bajh 7
1655
1
bcgh-bgff 14
1380
1
jgg-bdia 16
505
1
bcja-faf 4
1237
1
bchf-bcdh 1
912
1
jca-jbc 5
1160
1
eji-bbga 11
1494
1
baag-beje 18
905
1
bgd-jaf 4
1341
1
jaf-bdeb 2
491
1
bhc-ejb 3
395
1
eha-djf 1
179
1
fha-bhj 1
527
1
bfgh-fch 1
580
1
gcc-fia 5
665
1
hab-ggf 1
1466
1
ifb-begg 61
1255
1
hfh-bcff 13
851
1
fgh-ifb 1
1572
1
dgd-bfhc 7
932
1
jc-jdc 3
551
1
jfe-ffb 4
1147
1
eg-bbeh 22
618
1
dbi-gbi 3
1135
1
gbi-bbdf 44
1189
1
beci-bbij 1
584
1
bccf-fie 9
279
1
bgh-chj 1
1564
1
chj-bfge 3
1326
1
bce-bdcg 15
13
1
cch-bd 3
1121
1
jfd-bbcb 19
544
1
fff-fee 4
132
1
bbfe-bdc 4
627
1
cih-gch 4
955
1
bfeb-jff 7
1187
1
bfd-bbih 1
904
1
ee-jae 1
1602
1
babg-bgac 28
156
1
hj-bfg 5
342
1
bcgh-dec 6
730
1
ffb-hda 18
1293
1
hdf-bcjd 29
1243
1
bcjd-bced 12
933
1
dhc-jdd 52
1631
1
jdd-bgdb 18
947
1
bafe-jeh 1
1456
1
bah-befg 44
521
1
hbb-fcb 5
559
1
gfi-ffj 22
733
1
bcf-hdd 1
1040
1
he-baea 1
376
1
bfe-dhg 21
911
1
gjc-jbb 8
368
1
deb-dgi 12
197
1
jeb-bjh 2
353
1
da-dfd 5
149
1
dbi-bej 1
532
1
cif-fdc 5
1547
1
fdc-bfeh 9
80
1
bfeh-ia 3
1272
1
cej-bchc 17
16
1
jf-bg 1
1152
1
ibh-bbfc 39
272
1
hba-chc 2
1473
1
eda-behd 6
1524
1
jh-bfce 9
525
1
bff-fcf 3
173
1
hj-bhd 3
1278
1
ifh-bchi 3
308
1
bchi-dai 11
586
1
eib-fig 14
786
1
fig-hig 14
524
1
baec-fce 60
857
1
cid-ifh 11
1531
1
iih-bfdb 17
1238
1
cfg-bcdi 38
1074
1
bcdi-bahe 8
1119
1
big-bbbj 4
290
1
ead-cja 4
780
1
bbie-hia 6
141
1
ffd-beb 1
121
1
bbdg-bcb 10
367
1
idi-dgh 23
252
1
eca-cfc 1
5
1
jbb-f 1
1385
1
f-bdif 3
553
1
jaf-ffd 1
860
1
ebb-iga 16
598
1
hh-fji 1
662
1
id-ggc 3
785
1
fje-hif 10
15
1
hi-bf 7
615
1
bbeh-gbf 3
585
1
bbc-fif 1
31
1
gi-db 1
191
1
fed-bjb 2
77
1
beic-hh 2
1314
1
hh-bdbe 6
171
1
hhd-bhb 16
863
1
hfd-igd 2
1439
1
igd-bedj 16
964
1
bagf-jge 3
1289
1
ebd-bcij 13
746
1
bcdd-heg 14
573
1
cih-fhd 7
346
1
eec-deg 3
392
1
ddi-djc 6
634
1
cdd-gde 7
1124
1
gde-bbce 9
1419
1
bbec-bebj 15
474
1
di-ehe 1
1383
1
beh-bdid 31
319
1
dad-dbj 2
1570
1
cga-bfha 6
1056
1
fdd-bafg 33
734
1
bbjf-hde 12
976
1
fbi-jhg 8
1317
1
jhg-bdbh 38
105
1
bdbh-baf 17
387
1
fdg-dih 14
988
1
cei-jii 3
538
1
jii-fdi 27
818
1
fdi-ibi 10
189
1
bcj-bij 1
597
1
ddd-fjh 1
868
1
bbg-igi 1
1580
1
df-bfia 19
977
1
bfia-jhh 19
1491
1
bace-bejb 4
325
1
cgb-dcf 8
1498
1
dcf-beji 17
530
1
edf-fda 7
262
1
hdb-cgc 1
498
1
dih-eji 1
1265
1
bbga-bcgf 36
288
1
cah-cii 1
232
1
ccj-cdc 2
1108
1
bhj-bbai 19
974
1
jih-jhe 2
574
1
hci-fhe 8
1091
1
bafj-bajb 17
159
1
bii-bfj 5
436
1
jgh-edg 8
1542
1
bdge-bfec 2
1550
1
iab-bffa 5
862
1
gh-igc 1
562
1
bagf-fgc 38
1538
1
ihc-bfdi 3
488
1
cfd-eii 1
1296
1
eii-bcjg 5
1146
1
eca-bbeg 4
649
1
bge-gej 1
370
1
jhi-dha 1
502
1
hbc-fac 15
1348
1
bccd-bdei 20
428
1
cei-eci 1
595
1
bahg-fjf 1
307
1
ehc-dah 2
312
1
hca-dbc 7
1318
1
bfbc-bdbi 5
239
1
hgg-cdj 1
757
1
ede-hfh 42
187
1
dcf-bih 11
727
1
ghe-hch 4
323
1
cfg-dcd 1
1479
1
dbd-behj 1
1493
1
badc-bejd 22
1370
1
behi-bdha 1
751
1
bff-hfb 8
1519
1
beif-bfbj 22
1421
1
bcg-becb 5
739
1
bci-hdj 2
1308
1
bajh-bdai 6
1166
1
ca-bbgg 3
1636
1
baf-bgdg 16
783
1
bgdg-hid 16
484
1
baf-eie 1
1644
1
hjf-bgee 2
1305
1
ga-bdaf 29
1454
1
fif-befe 3
750
1
dgc-hfa 7
1183
1
bbdd-bbid 38
843
1
bbid-ied 37
1044
1
baeg-baee 25
633
1
hfi-gdd 2
431
1
jj-edb 4
902
1
hca-jac 5
678
1
hai-ghi 4
1557
1
ghi-bffh 24
886
1
hcg-iig 15
835
1
dii-idf 15
106
1
dad-bag 1
1058
1
chi-bafi 4
314
1
bcaf-dbe 24
1150
1
bacc-bbfa 17
763
1
bedb-hgd 12
393
1
cie-djd 3
43
1
bfdc-ed 3
103
1
bfi-bad 1
223
1
dhh-ccd 1
1248
1
bci-bcei 5
1291
1
bcaa-bcjb 1
1197
1
bcjb-bbjh 13
900
1
cf-jaa 2
1511
1
hda-bfbb 25
1392
1
ifh-bdjc 3
1148
1
eif-bbei 2
406
1
hea-eag 4
720
1
jid-hca 5
1085
1
jcb-baif 16
1105
1
eff-bbaf 5
701
1
fij-hab 3
229
1
gdf-ccj 3
1246
1
cca-bceg 3
1226
1
begg-bccg 8
520
1
bccg-fca 10
1268
1
hce-bcgi 18
289
1
ch-cij 2
1528
1
fjb-bfci 13
1269
1
bdbg-bcgj 24
747
1
ggc-heh 2
444
1
chb-eee 1
1137
1
bcjd-bbdh 10
207
1
bebe-cah 9
110
1
hi-bba 1
889
1
baaa-iij 24
951
1
bbdb-jfb 4
1592
1
bej-bfjc 20
1618
1
bfjc-bgbi 14
890
1
dbj-ija 1
1123
1
gje-bbcd 1
552
1
hbb-ffc 10
712
1
jdg-hbc 14
884
1
bec-iie 3
242
1
bad-cec 3
924
1
bafi-jce 7
1411
1
bgf-bebb 3
1416
1
idj-bebg 1
936
1
dhj-jdg 30
469
1
jdg-egj 36
673
1
did-ghd 3
59
1
ifd-fj 1
494
1
bfj-eje 5
1004
1
eje-baae 24
1005
1
baae-baaf 6
253
1
bcdh-cfd 1
536
1
gbh-fdg 1
204
1
gdi-cae 1
449
1
bcih-eej 7
972
1
hei-jhc 6
263
1
dcf-cgd 20
1093
1
hhg-bajd 2
1604
1
bajd-bgae 29
1101
1
bbfc-bbab 43
1285
1
bdjb-bcif 6
612
1
bbhc-gbc 3
1363
1
gbc-bdgd 21
1323
1
bdgd-bdcd 9
1143
1
jc-bbed 4
752
1
gjh-hfc 11
761
1
gcc-hgb 4
1118
1
bac-bbbi 18
45
1
cih-ef 9
233
1
bebi-cdd 3
114
1
ehd-bbe 3
416
1
fga-ebg 3
403
1
dce-ead 2
744
1
bfhd-hee 30
1583
1
hfa-bfid 7
1404
1
bdch-beae 40
421
1
bchc-ecb 35
790
1
fae-hja 8
991
1
bdi-jjb 3
127
1
ecb-bch 5
1198
1
ijh-bbji 10
1209
1
bbji-bcaj 27
1594
1
bfba-bfje 5
1613
1
bfb-bgbd 1
1019
1
bfib-babj 1
371
1
bajb-dhb 9
966
1
heh-jgg 16
1210
1
gfc-bcba 2
276
1
iab-chg 5
483
1
hc-eid 2
336
1
eid-ddg 13
1082
1
babi-baic 1
1247
1
bdae-bceh 12
134
1
bdh-bde 1
65
1
cgh-gf 1
876
1
gbf-ihg 2
82
1
bedh-ic 8
244
1
ic-cee 8
42
1
fi-ec 1
1566
1
ec-bfgg 11
126
1
bhj-bcg 1
811
1
bead-ibb 1
29
1
fbi-cj 1
163
1
dbj-bgd 1
89
1
ife-ij 3
381
1
dhj-dib 7
1611
1
dib-bgbb 6
784
1
bgbb-hie 5
657
1
jaj-gfh 2
641
1
hfa-geb 2
405
1
fgj-eaf 3
1607
1
bdhi-bgah 4
1071
1
bgah-bahb 4
937
1
ea-jdh 1
661
1
eae-ggb 10
509
1
ga-faj 1
899
1
cff-ijj 2
328
1
ehi-dci 5
129
1
bbf-bcj 1
95
1
iae-jf 2
270
1
ged-cha 9
457
1
dci-efh 1
1330
1
efh-bdda 29
639
1
cei-gdj 1
755
1
bacc-hff 1
54
1
jic-fe 3
877
1
gih-ihh 3
630
1
ihh-gda 3
629
1
ged-gcj 3
70
1
bda-ha 1
565
1
ha-fgf 4
99
1
bcee-jj 7
858
1
bcci-ifi 12
1503
1
jhc-bfad 16
1244
1
gdf-bcee 1
743
1
bcbg-hed 9
1111
1
hed-bbbb 6
1129
1
hee-bbcj 13
1612
1
bba-bgbc 4
192
1
bagc-bjc 1
1320
1
fej-bdca 2
1581
1
bdca-bfib 1
155
1
eec-bff 9
1376
1
efd-bdhg 18
1661
1
bdhg-bggb 6
567
1
jcf-fgh 8
643
1
bdbj-ged 13
1448
1
bdcg-beei 9
1499
1
cdg-bejj 22
1413
1
bejj-bebd 14
1017
1
cbg-babh 15
1128
1
bie-bbci 1
359
1
eb-dfj 1
1328
1
efh-bdci 20
1464
1
babb-bege 8
1292
1
bbdg-bcjc 6
497
1
idi-ejh 1
280
1
jej-cia 3
1567
1
bbie-bfgh 5
441
1
hgh-eeb 6
1400
1
bcfj-beaa 5
703
1
iec-had 5
1551
1
bda-bffb 17
1008
1
baha-baai 31
1530
1
baai-bfda 39
833
1
fj-idd 4
625
1
baii-gcf 3
424
1
ici-ece 2
844
1
efc-iee 5
101
1
jhg-bab 2
1381
1
bcfi-bdib 10
776
1
ga-hhg 1
1382
1
hhg-bdic 7
1417
1
dag-bebh 2
778
1
bdci-hhi 18
20
1
dfg-ca 2
153
1
haa-bfd 1
87
1
cgh-ih 7
1467
1
eac-begh 5
1579
1
bejj-bfhj 4
866
1
babd-igg 1
1078
1
ia-bahi 2
486
1
bfeh-eig 6
529
1
ffb-fcj 1
1165
1
fcj-bbgf 4
812
1
bbgf-ibc 4
246
1
bfa-ceg 1
1218
1
jcf-bcbi 1
271
1
fff-chb 5
330
1
bjj-dda 3
294
1
cea-cje 1
1379
1
iah-bdhj 4
466
1
idd-egg 16
1034
1
ega-bade 14
145
1
fgj-bef 6
146
1
bja-beg 1
1063
1
beg-bagd 3
1075
1
bagd-bahf 4
1068
1
bcac-bagi 20
1274
1
becg-bche 3
382
1
bbgj-dic 1
1433
1
ceg-bedd 8
1486
1
bedd-beig 2
512
1
ejh-fbc 1
479
1
hbj-ehj 3
803
1
cgd-iad 15
472
1
iad-ehc 19
451
1
ehc-efb 4
680
1
ied-gia 6
429
1
ihi-ecj 7
69
1
gjj-gj 3
599
1
bbg-fjj 8
1256
1
bcje-bcfg 1
6
1
bedj-g 1
64
1
g-ge 1
1037
1
bbgj-badh 2
997
1
geh-jjh 10
1335
1
bbcc-bddf 3
1026
1
bgdb-bacg 2
1325
1
faa-bdcf 10
1043
1
djc-baed 32
22
1
jgi-cc 1
594
1
bbac-fje 1
1599
1
hhg-bfjj 12
1431
1
bebd-bedb 10
1646
1
baca-bgeg 12
650
1
hbc-gfa 5
104
1
dgj-bae 2
157
1
gcj-bfh 1
53
1
dhe-fd 1
1127
1
icb-bbch 8
903
1
bcij-jad 7
941
1
jad-jeb 7
1508
1
bcaj-bfai 12
1249
1
gif-bcej 1
188
1
bcej-bii 4
897
1
bii-ijh 8
81
1
gia-ib 2
984
1
cij-jie 2
708
1
bce-hai 1
718
1
jfh-hbi 16
802
1
eic-iac 3
1081
1
iac-baib 3
737
1
baga-hdh 1
234
1
hhb-cde 3
883
1
iae-iid 1
302
1
iid-dac 5
318
1
edd-dbi 7
1540
1
jdg-bfea 10
1219
1
hjj-bcbj 2
487
1
ifi-eih 2
616
1
dga-gbg 1
333
1
beef-ddd 19
180
1
dac-bia 1
1294
1
bbfh-bcje 16
1241
1
idj-bceb 8
1384
1
igc-bdie 10
264
1
fh-cge 1
579
1
ii-fhj 4
93
1
cae-jd 1
26
1
bd-cg 6
998
1
hef-jji 10
888
1
bbib-iii 10
438
1
bda-edi 1
1643
1
behi-bged 5
1215
1
igc-bcbf 1
1549
1
bdia-bfej 2
797
1
caj-hjh 3
226
1
hde-ccg 1
1532
1
bfbc-bfdc 3
269
1
eag-cgj 5
182
1
eee-bic 2
1480
1
ffd-beia 2
293
1
eje-cjd 1
871
1
bbcj-ihb 4
1088
1
bbab-baii 4
51
1
dfa-fb 3
1637
1
hhh-bgdh 3
771
1
dfa-hhb 2
775
1
bcf-hhf 4
872
1
eba-ihc 1
211
1
ca-cbb 1
667
1
cab-ggh 2
177
1
bai-bhh 1
1651
1
bhh-bgfb 2
33
1
babg-dd 2
230
1
dd-cda 1
348
1
fif-dei 2
1053
1
cfa-bafd 12
432
1
ihi-edc 4
137
1
jjg-bdh 3
1412
1
bbah-bebc 4
626
1
chg-gcg 1
1270
1
dgg-bcha 1
1472
1
ifa-behc 10
766
1
ehf-hgg 2
377
1
bbh-dhh 3
978
1
bagi-jhi 5
1495
1
jhi-bejf 8
1610
1
ddd-bgba 5
150
1
ddd-bfa 1
987
1
bfa-jih 2
515
1
jbh-fbf 7
660
1
bhe-gga 16
1522
1
gga-bfcc 12
587
1
bcc-fih 1
693
1
gad-gjd 4
623
1
egf-gcd 5
1024
1
dhb-bace 4
711
1
fac-hbb 21
251
1
gje-cfb 1
885
1
hif-iif 1
652
1
bche-gfc 1
996
1
efa-jjg 5
1525
1
bca-bfcf 8
1654
1
bfcf-bgfe 4
556
1
ffi-ffg 3
674
1
ggg-ghe 2
1475
1
hdf-behf 7
1298
1
dg-bcji 1
892
1
hg-ijc 1
254
1
jf-cfe 1
91
1
bc-jb 1
361
1
bcae-dgb 17
338
1
bjc-ddi 1
1334
1
bid-bdde 1
366
1
bced-dgg 1
1518
1
jjc-bfbi 3
209
1
ghh-caj 1
1620
1
hjh-bgca 2
1062
1
gie-bagc 8
777
1
haa-hhh 1
593
1
ecc-fjd 1
258
1
badf-cfi 2
259
1
bd-cfj 1
108
1
bda-bai 5
480
1
cjj-eia 1
1096
1
cgf-bajg 1
1347
1
cfc-bdeh 4
162
1
cgd-bgc 4
1115
1
cef-bbbf 2
1036
1
bbbf-badg 2
295
1
dba-cjf 3
702
1
gdb-hac 3
266
1
fhc-cgg 7
925
1
igj-jcf 9
1035
1
fgh-badf 7
248
1
dgf-cei 2
676
1
dhh-ghg 1
1057
1
jbd-bafh 1
613
1
fcb-gbd 10
390
1
bhe-dja 1
1303
1
dja-bdad 3
1307
1
ibd-bdah 3
1560
1
bfj-bfga 1
183
1
beh-bid 2
608
1
gff-gai 1
642
1
ffc-gec 2
221
1
ejj-ccb 1
638
1
jcc-gdi 3
186
1
deg-big 3
1461
1
iie-begb 3
1452
1
bchf-befc 2
534
1
jj-fde 2
1132
1
jh-bbdc 1
1488
1
cbe-beii 3
56
1
bfaf-fg 3
659
1
bdba-gfj 5
383
1
eii-did 1
203
1
ege-cad 1
566
1
ice-fgg 2
44
1
cfb-ee 2
7
1
bfa-h 2
485
1
fdf-eif 6
1167
1
bbei-bbgh 7
125
1
cea-bcf 3
331
1
eig-ddb 1
1593
1
bajd-bfjd 6
575
1
gad-fhf 2
282
1
dhi-cic 5
827
1
beei-ich 8
1109
1
ich-bbaj 6
602
1
cca-gac 1
446
1
dcc-eeg 1
1072
1
hbg-bahc 4
21
1
dcc-cb 1
1615
1
bbfa-bgbf 3
1079
1
ghi-bahj 2
741
1
icg-heb 2
993
1
daj-jjd 2
1139
1
ghi-bbdj 3
675
1
ggb-ghf 6
1401
1
bdde-beab 2
1605
1
beab-bgaf 4
554
1
hdc-ffe 7
1490
1
cid-beja 3
398
1
bahj-dji 2
1405
1
geb-beaf 3
589
1
fdf-fij 1
971
1
ejg-jhb 2
919
1
jhb-jbj 2
1427
1
dfj-bech 2
1352
1
hdc-bdfc 1
549
1
eji-fej 1
247
1
gdd-ceh 1
1312
1
bcgf-bdbc 1
507
1
jbj-fah 2
1083
1
ib-baid 1
1191
1
ffj-bbjb 2
27
1
jgg-ch 3
164
1
hci-bge 3
644
1
dda-gee 1
1254
1
jh-bcfe 3
1338
1
fjg-bddi 4
1025
1
ifd-bacf 3
834
1
fgc-ide 1
501
1
dbf-fab 1
891
1
ega-ijb 1
224
1
bceh-cce 5
306
1
hcd-dag 1
1648
1
bgca-bgei 1
109
1
chf-baj 1
208
1
jda-cai 1
1260
1
ghc-bcga 1
1597
1
bcga-bfjh 1
914
1
de-jbe 1
1449
1
cge-beej 1
196
1
df-bjg 2
1389
1
fbg-bdij 2
1552
1
iai-bffc 2
215
1
bff-cbf 2
1548
1
cbf-bfei 2
1023
1
jgf-bacd 1
1624
1
bacd-bgce 1
686
1
bbe-gig 1
462
1
ccj-egc 1
895
1
bj-ijf 3
1227
1
hjg-bcch 2
86
1
baif-ig 2
1047
1
dfd-baeh 2
1193
1
jig-bbjd 3
1297
1
dch-bcjh 1
1387
1
ijf-bdih 1
1315
1
hf-bdbf 1
1186
1
cig-bbig 1
605
1
bjh-gaf 1
39
1
ef-dj 2
1263
1
gba-bcgd 1
837
1
gdg-idh 1
990
1
idh-jja 2
865
1
egi-igf 1
447
1
fbd-eeh 1
1311
1
jeh-bdbb 2
297
1
he-cjh 1
1179
1
c-bbhj 1
948
1
jja-jei 1
1242
1
dgj-bcec 1
113
1
bja-bbd 1
1553
1
egi-bffd 1
1457
1
heh-befh 1
0
1
cd-a 1
698
1
ghe-gji 1
415
1
ijf-ebf 1
296
1
cgb-cjg 1
277
1
cid-chh 1
938
1
dfb-jdi 1